#
# There is insufficient memory for the Java Runtime Environment to continue.
# Native memory allocation (malloc) failed to allocate 298496 bytes for Chunk::new
# Possible reasons:
#   The system is out of physical RAM or swap space
#   The process is running with CompressedOops enabled, and the Java Heap may be blocking the growth of the native heap
# Possible solutions:
#   Reduce memory load on the system
#   Increase physical memory or swap space
#   Check if swap backing store is full
#   Decrease Java heap size (-Xmx/-Xms)
#   Decrease number of Java threads
#   Decrease Java thread stack sizes (-Xss)
#   Set larger code cache with -XX:ReservedCodeCacheSize=
#   JVM is running with Unscaled Compressed Oops mode in which the Java heap is
#     placed in the first 4GB address space. The Java Heap base address is the
#     maximum limit for the native heap growth. Please use -XX:HeapBaseMinAddress
#     to set the Java Heap base and to place the Java Heap above 4GB virtual address.
# This output file may be truncated or incomplete.
#
#  Out of Memory Error (./open/src/hotspot/share/memory/arena.cpp:197), pid=16320, tid=10184
#
# JRE version: Java(TM) SE Runtime Environment 18.9 (11.0.14+8) (build 11.0.14+8-LTS-263)
# Java VM: Java HotSpot(TM) 64-Bit Server VM 18.9 (11.0.14+8-LTS-263, mixed mode, tiered, compressed oops, g1 gc, windows-amd64)
# No core dump will be written. Minidumps are not enabled by default on client versions of Windows
#

---------------  S U M M A R Y ------------

Command Line: -ea -Dfile.encoding=Cp1252 org.testng.remote.RemoteTestNG -serport 57752 -protocol json -d D:\Automation\01-Software\WebDriver\selenium-webdriver-java-testng\test-output C:\Users\Admin\AppData\Local\Temp\testng-eclipse-857730354\testng-customsuite.xml

Host: Intel(R) Core(TM) i5-6200U CPU @ 2.30GHz, 4 cores, 7G,  Windows 10 , 64 bit Build 17763 (10.0.17763.1)
Time: Sun May 15 12:32:42 2022 SE Asia Standard Time elapsed time: 6.353779 seconds (0d 0h 0m 6s)

---------------  T H R E A D  ---------------

Current thread (0x000001e1ffb44000):  JavaThread "C2 CompilerThread0" daemon [_thread_in_native, id=10184, stack(0x0000004cb1c00000,0x0000004cb1d00000)]


Current CompileTask:
C2:   6353 1653       4       java.io.DataInputStream::readUTF (501 bytes)

Stack: [0x0000004cb1c00000,0x0000004cb1d00000]
Native frames: (J=compiled Java code, j=interpreted, Vv=VM code, C=native code)
V  [jvm.dll+0x6296da]
V  [jvm.dll+0x76323f]
V  [jvm.dll+0x7648e9]
V  [jvm.dll+0x764f73]
V  [jvm.dll+0x23d7c8]
V  [jvm.dll+0xb297c]
V  [jvm.dll+0xb2f3c]
V  [jvm.dll+0x2ae594]
V  [jvm.dll+0x53cec6]
V  [jvm.dll+0x1f9ae5]
V  [jvm.dll+0x1f742d]
V  [jvm.dll+0x177b21]
V  [jvm.dll+0x206e26]
V  [jvm.dll+0x204fbb]
V  [jvm.dll+0x729170]
V  [jvm.dll+0x721d44]
V  [jvm.dll+0x6285d6]
C  [ucrtbase.dll+0x203ba]
C  [KERNEL32.DLL+0x17e94]
C  [ntdll.dll+0x6a251]


---------------  P R O C E S S  ---------------

Threads class SMR info:
_java_thread_list=0x000001e1872ef6f0, length=17, elements={
0x000001e1e83bd000, 0x000001e1ffb04800, 0x000001e1ffb05800, 0x000001e1ffb3f000,
0x000001e1ffb40800, 0x000001e1ffb41800, 0x000001e1ffb44000, 0x000001e1867d7800,
0x000001e1867dc800, 0x000001e1868fb800, 0x000001e186b46800, 0x000001e1879bb800,
0x000001e186de6800, 0x000001e1879d3000, 0x000001e1872b3800, 0x000001e187998800,
0x000001e187332800
}

Java Threads: ( => current thread )
  0x000001e1e83bd000 JavaThread "Forwarding newSession on session null to remote" [_thread_in_vm, id=416, stack(0x0000004cb1000000,0x0000004cb1100000)]
  0x000001e1ffb04800 JavaThread "Reference Handler" daemon [_thread_blocked, id=16708, stack(0x0000004cb1700000,0x0000004cb1800000)]
  0x000001e1ffb05800 JavaThread "Finalizer" daemon [_thread_blocked, id=12580, stack(0x0000004cb1800000,0x0000004cb1900000)]
  0x000001e1ffb3f000 JavaThread "Signal Dispatcher" daemon [_thread_blocked, id=19024, stack(0x0000004cb1900000,0x0000004cb1a00000)]
  0x000001e1ffb40800 JavaThread "Attach Listener" daemon [_thread_blocked, id=18160, stack(0x0000004cb1a00000,0x0000004cb1b00000)]
  0x000001e1ffb41800 JavaThread "Service Thread" daemon [_thread_blocked, id=18216, stack(0x0000004cb1b00000,0x0000004cb1c00000)]
=>0x000001e1ffb44000 JavaThread "C2 CompilerThread0" daemon [_thread_in_native, id=10184, stack(0x0000004cb1c00000,0x0000004cb1d00000)]
  0x000001e1867d7800 JavaThread "C1 CompilerThread0" daemon [_thread_blocked, id=19636, stack(0x0000004cb1d00000,0x0000004cb1e00000)]
  0x000001e1867dc800 JavaThread "Sweeper thread" daemon [_thread_blocked, id=5380, stack(0x0000004cb1e00000,0x0000004cb1f00000)]
  0x000001e1868fb800 JavaThread "Common-Cleaner" daemon [_thread_blocked, id=16324, stack(0x0000004cb2000000,0x0000004cb2100000)]
  0x000001e186b46800 JavaThread "ReaderThread" [_thread_in_native, id=16252, stack(0x0000004cb2200000,0x0000004cb2300000)]
  0x000001e1879bb800 JavaThread "Exec Default Executor" daemon [_thread_in_native, id=3496, stack(0x0000004cb2700000,0x0000004cb2800000)]
  0x000001e186de6800 JavaThread "Exec Stream Pumper" daemon [_thread_in_native, id=6300, stack(0x0000004cb2800000,0x0000004cb2900000)]
  0x000001e1879d3000 JavaThread "Exec Stream Pumper" daemon [_thread_in_native, id=17140, stack(0x0000004cb2900000,0x0000004cb2a00000)]
  0x000001e1872b3800 JavaThread "ForkJoinPool.commonPool-worker-3" daemon [_thread_blocked, id=13556, stack(0x0000004cb2600000,0x0000004cb2700000)]
  0x000001e187998800 JavaThread "OkHttp ConnectionPool" daemon [_thread_blocked, id=12812, stack(0x0000004cb2a00000,0x0000004cb2b00000)]
  0x000001e187332800 JavaThread "Okio Watchdog" daemon [_thread_blocked, id=4304, stack(0x0000004cb2b00000,0x0000004cb2c00000)]

Other Threads:
  0x000001e1ffb01800 VMThread "VM Thread" [stack: 0x0000004cb1600000,0x0000004cb1700000] [id=4844]
  0x000001e1868fa800 WatcherThread [stack: 0x0000004cb1f00000,0x0000004cb2000000] [id=20444]
  0x000001e1e83d4000 GCTaskThread "GC Thread#0" [stack: 0x0000004cb1100000,0x0000004cb1200000] [id=14280]
  0x000001e186e69800 GCTaskThread "GC Thread#1" [stack: 0x0000004cb2300000,0x0000004cb2400000] [id=12088]
  0x000001e1870fb800 GCTaskThread "GC Thread#2" [stack: 0x0000004cb2400000,0x0000004cb2500000] [id=17492]
  0x000001e186d74000 GCTaskThread "GC Thread#3" [stack: 0x0000004cb2500000,0x0000004cb2600000] [id=16160]
  0x000001e1e8406800 ConcurrentGCThread "G1 Main Marker" [stack: 0x0000004cb1200000,0x0000004cb1300000] [id=20008]
  0x000001e1e8407800 ConcurrentGCThread "G1 Conc#0" [stack: 0x0000004cb1300000,0x0000004cb1400000] [id=13928]
  0x000001e1ff970800 ConcurrentGCThread "G1 Refine#0" [stack: 0x0000004cb1400000,0x0000004cb1500000] [id=10956]
  0x000001e1ff973000 ConcurrentGCThread "G1 Young RemSet Sampling" [stack: 0x0000004cb1500000,0x0000004cb1600000] [id=13708]

Threads with active compile tasks:
C2 CompilerThread0   6397 1653       4       java.io.DataInputStream::readUTF (501 bytes)
C1 CompilerThread0   6397 1697       3       java.util.StringTokenizer::skipDelimiters (116 bytes)

VM state:not at safepoint (normal execution)

VM Mutex/Monitor currently owned by a thread: None

Heap address: 0x0000000081a00000, size: 2022 MB, Compressed Oops mode: 32-bit
Narrow klass base: 0x0000000000000000, Narrow klass shift: 3
Compressed class space size: 1073741824 Address: 0x0000000100000000

Heap:
 garbage-first heap   total 131072K, used 7045K [0x0000000081a00000, 0x0000000100000000)
  region size 1024K, 7 young (7168K), 5 survivors (5120K)
 Metaspace       used 21346K, capacity 21888K, committed 22016K, reserved 1073152K
  class space    used 2347K, capacity 2551K, committed 2560K, reserved 1048576K
Heap Regions: E=young(eden), S=young(survivor), O=old, HS=humongous(starts), HC=humongous(continues), CS=collection set, F=free, A=archive, TAMS=top-at-mark-start (previous, next)
|   0|0x0000000081a00000, 0x0000000081b00000, 0x0000000081b00000|100%|HS|  |TAMS 0x0000000081b00000, 0x0000000081a00000| Complete 
|   1|0x0000000081b00000, 0x0000000081b35e00, 0x0000000081c00000| 21%| O|  |TAMS 0x0000000081b35e00, 0x0000000081b00000| Untracked 
|   2|0x0000000081c00000, 0x0000000081c00000, 0x0000000081d00000|  0%| F|  |TAMS 0x0000000081c00000, 0x0000000081c00000| Untracked 
|   3|0x0000000081d00000, 0x0000000081d00000, 0x0000000081e00000|  0%| F|  |TAMS 0x0000000081d00000, 0x0000000081d00000| Untracked 
|   4|0x0000000081e00000, 0x0000000081e00000, 0x0000000081f00000|  0%| F|  |TAMS 0x0000000081e00000, 0x0000000081e00000| Untracked 
|   5|0x0000000081f00000, 0x0000000081f00000, 0x0000000082000000|  0%| F|  |TAMS 0x0000000081f00000, 0x0000000081f00000| Untracked 
|   6|0x0000000082000000, 0x0000000082000000, 0x0000000082100000|  0%| F|  |TAMS 0x0000000082000000, 0x0000000082000000| Untracked 
|   7|0x0000000082100000, 0x0000000082100000, 0x0000000082200000|  0%| F|  |TAMS 0x0000000082100000, 0x0000000082100000| Untracked 
|   8|0x0000000082200000, 0x0000000082200000, 0x0000000082300000|  0%| F|  |TAMS 0x0000000082200000, 0x0000000082200000| Untracked 
|   9|0x0000000082300000, 0x0000000082300000, 0x0000000082400000|  0%| F|  |TAMS 0x0000000082300000, 0x0000000082300000| Untracked 
|  10|0x0000000082400000, 0x0000000082400000, 0x0000000082500000|  0%| F|  |TAMS 0x0000000082400000, 0x0000000082400000| Untracked 
|  11|0x0000000082500000, 0x0000000082500000, 0x0000000082600000|  0%| F|  |TAMS 0x0000000082500000, 0x0000000082500000| Untracked 
|  12|0x0000000082600000, 0x0000000082600000, 0x0000000082700000|  0%| F|  |TAMS 0x0000000082600000, 0x0000000082600000| Untracked 
|  13|0x0000000082700000, 0x0000000082700000, 0x0000000082800000|  0%| F|  |TAMS 0x0000000082700000, 0x0000000082700000| Untracked 
|  14|0x0000000082800000, 0x0000000082800000, 0x0000000082900000|  0%| F|  |TAMS 0x0000000082800000, 0x0000000082800000| Untracked 
|  15|0x0000000082900000, 0x0000000082900000, 0x0000000082a00000|  0%| F|  |TAMS 0x0000000082900000, 0x0000000082900000| Untracked 
|  16|0x0000000082a00000, 0x0000000082a00000, 0x0000000082b00000|  0%| F|  |TAMS 0x0000000082a00000, 0x0000000082a00000| Untracked 
|  17|0x0000000082b00000, 0x0000000082b00000, 0x0000000082c00000|  0%| F|  |TAMS 0x0000000082b00000, 0x0000000082b00000| Untracked 
|  18|0x0000000082c00000, 0x0000000082c00000, 0x0000000082d00000|  0%| F|  |TAMS 0x0000000082c00000, 0x0000000082c00000| Untracked 
|  19|0x0000000082d00000, 0x0000000082d00000, 0x0000000082e00000|  0%| F|  |TAMS 0x0000000082d00000, 0x0000000082d00000| Untracked 
|  20|0x0000000082e00000, 0x0000000082e00000, 0x0000000082f00000|  0%| F|  |TAMS 0x0000000082e00000, 0x0000000082e00000| Untracked 
|  21|0x0000000082f00000, 0x0000000082f00000, 0x0000000083000000|  0%| F|  |TAMS 0x0000000082f00000, 0x0000000082f00000| Untracked 
|  22|0x0000000083000000, 0x0000000083000000, 0x0000000083100000|  0%| F|  |TAMS 0x0000000083000000, 0x0000000083000000| Untracked 
|  23|0x0000000083100000, 0x0000000083100000, 0x0000000083200000|  0%| F|  |TAMS 0x0000000083100000, 0x0000000083100000| Untracked 
|  24|0x0000000083200000, 0x0000000083200000, 0x0000000083300000|  0%| F|  |TAMS 0x0000000083200000, 0x0000000083200000| Untracked 
|  25|0x0000000083300000, 0x0000000083300000, 0x0000000083400000|  0%| F|  |TAMS 0x0000000083300000, 0x0000000083300000| Untracked 
|  26|0x0000000083400000, 0x0000000083400000, 0x0000000083500000|  0%| F|  |TAMS 0x0000000083400000, 0x0000000083400000| Untracked 
|  27|0x0000000083500000, 0x0000000083500000, 0x0000000083600000|  0%| F|  |TAMS 0x0000000083500000, 0x0000000083500000| Untracked 
|  28|0x0000000083600000, 0x0000000083600000, 0x0000000083700000|  0%| F|  |TAMS 0x0000000083600000, 0x0000000083600000| Untracked 
|  29|0x0000000083700000, 0x0000000083700000, 0x0000000083800000|  0%| F|  |TAMS 0x0000000083700000, 0x0000000083700000| Untracked 
|  30|0x0000000083800000, 0x0000000083800000, 0x0000000083900000|  0%| F|  |TAMS 0x0000000083800000, 0x0000000083800000| Untracked 
|  31|0x0000000083900000, 0x0000000083900000, 0x0000000083a00000|  0%| F|  |TAMS 0x0000000083900000, 0x0000000083900000| Untracked 
|  32|0x0000000083a00000, 0x0000000083a00000, 0x0000000083b00000|  0%| F|  |TAMS 0x0000000083a00000, 0x0000000083a00000| Untracked 
|  33|0x0000000083b00000, 0x0000000083b00000, 0x0000000083c00000|  0%| F|  |TAMS 0x0000000083b00000, 0x0000000083b00000| Untracked 
|  34|0x0000000083c00000, 0x0000000083c00000, 0x0000000083d00000|  0%| F|  |TAMS 0x0000000083c00000, 0x0000000083c00000| Untracked 
|  35|0x0000000083d00000, 0x0000000083d00000, 0x0000000083e00000|  0%| F|  |TAMS 0x0000000083d00000, 0x0000000083d00000| Untracked 
|  36|0x0000000083e00000, 0x0000000083e00000, 0x0000000083f00000|  0%| F|  |TAMS 0x0000000083e00000, 0x0000000083e00000| Untracked 
|  37|0x0000000083f00000, 0x0000000083f00000, 0x0000000084000000|  0%| F|  |TAMS 0x0000000083f00000, 0x0000000083f00000| Untracked 
|  38|0x0000000084000000, 0x0000000084000000, 0x0000000084100000|  0%| F|  |TAMS 0x0000000084000000, 0x0000000084000000| Untracked 
|  39|0x0000000084100000, 0x0000000084100000, 0x0000000084200000|  0%| F|  |TAMS 0x0000000084100000, 0x0000000084100000| Untracked 
|  40|0x0000000084200000, 0x0000000084200000, 0x0000000084300000|  0%| F|  |TAMS 0x0000000084200000, 0x0000000084200000| Untracked 
|  41|0x0000000084300000, 0x0000000084300000, 0x0000000084400000|  0%| F|  |TAMS 0x0000000084300000, 0x0000000084300000| Untracked 
|  42|0x0000000084400000, 0x0000000084400000, 0x0000000084500000|  0%| F|  |TAMS 0x0000000084400000, 0x0000000084400000| Untracked 
|  43|0x0000000084500000, 0x0000000084500000, 0x0000000084600000|  0%| F|  |TAMS 0x0000000084500000, 0x0000000084500000| Untracked 
|  44|0x0000000084600000, 0x0000000084600000, 0x0000000084700000|  0%| F|  |TAMS 0x0000000084600000, 0x0000000084600000| Untracked 
|  45|0x0000000084700000, 0x0000000084700000, 0x0000000084800000|  0%| F|  |TAMS 0x0000000084700000, 0x0000000084700000| Untracked 
|  46|0x0000000084800000, 0x0000000084800000, 0x0000000084900000|  0%| F|  |TAMS 0x0000000084800000, 0x0000000084800000| Untracked 
|  47|0x0000000084900000, 0x0000000084900000, 0x0000000084a00000|  0%| F|  |TAMS 0x0000000084900000, 0x0000000084900000| Untracked 
|  48|0x0000000084a00000, 0x0000000084a00000, 0x0000000084b00000|  0%| F|  |TAMS 0x0000000084a00000, 0x0000000084a00000| Untracked 
|  49|0x0000000084b00000, 0x0000000084b00000, 0x0000000084c00000|  0%| F|  |TAMS 0x0000000084b00000, 0x0000000084b00000| Untracked 
|  50|0x0000000084c00000, 0x0000000084c00000, 0x0000000084d00000|  0%| F|  |TAMS 0x0000000084c00000, 0x0000000084c00000| Untracked 
|  51|0x0000000084d00000, 0x0000000084d00000, 0x0000000084e00000|  0%| F|  |TAMS 0x0000000084d00000, 0x0000000084d00000| Untracked 
|  52|0x0000000084e00000, 0x0000000084e00000, 0x0000000084f00000|  0%| F|  |TAMS 0x0000000084e00000, 0x0000000084e00000| Untracked 
|  53|0x0000000084f00000, 0x0000000084f00000, 0x0000000085000000|  0%| F|  |TAMS 0x0000000084f00000, 0x0000000084f00000| Untracked 
|  54|0x0000000085000000, 0x0000000085000000, 0x0000000085100000|  0%| F|  |TAMS 0x0000000085000000, 0x0000000085000000| Untracked 
|  55|0x0000000085100000, 0x0000000085100000, 0x0000000085200000|  0%| F|  |TAMS 0x0000000085100000, 0x0000000085100000| Untracked 
|  56|0x0000000085200000, 0x0000000085200000, 0x0000000085300000|  0%| F|  |TAMS 0x0000000085200000, 0x0000000085200000| Untracked 
|  57|0x0000000085300000, 0x0000000085300000, 0x0000000085400000|  0%| F|  |TAMS 0x0000000085300000, 0x0000000085300000| Untracked 
|  58|0x0000000085400000, 0x0000000085400000, 0x0000000085500000|  0%| F|  |TAMS 0x0000000085400000, 0x0000000085400000| Untracked 
|  59|0x0000000085500000, 0x0000000085500000, 0x0000000085600000|  0%| F|  |TAMS 0x0000000085500000, 0x0000000085500000| Untracked 
|  60|0x0000000085600000, 0x0000000085600000, 0x0000000085700000|  0%| F|  |TAMS 0x0000000085600000, 0x0000000085600000| Untracked 
|  61|0x0000000085700000, 0x0000000085700000, 0x0000000085800000|  0%| F|  |TAMS 0x0000000085700000, 0x0000000085700000| Untracked 
|  62|0x0000000085800000, 0x0000000085800000, 0x0000000085900000|  0%| F|  |TAMS 0x0000000085800000, 0x0000000085800000| Untracked 
|  63|0x0000000085900000, 0x0000000085900000, 0x0000000085a00000|  0%| F|  |TAMS 0x0000000085900000, 0x0000000085900000| Untracked 
|  64|0x0000000085a00000, 0x0000000085a00000, 0x0000000085b00000|  0%| F|  |TAMS 0x0000000085a00000, 0x0000000085a00000| Untracked 
|  65|0x0000000085b00000, 0x0000000085b00000, 0x0000000085c00000|  0%| F|  |TAMS 0x0000000085b00000, 0x0000000085b00000| Untracked 
|  66|0x0000000085c00000, 0x0000000085c00000, 0x0000000085d00000|  0%| F|  |TAMS 0x0000000085c00000, 0x0000000085c00000| Untracked 
|  67|0x0000000085d00000, 0x0000000085d00000, 0x0000000085e00000|  0%| F|  |TAMS 0x0000000085d00000, 0x0000000085d00000| Untracked 
|  68|0x0000000085e00000, 0x0000000085e00000, 0x0000000085f00000|  0%| F|  |TAMS 0x0000000085e00000, 0x0000000085e00000| Untracked 
|  69|0x0000000085f00000, 0x0000000085f00000, 0x0000000086000000|  0%| F|  |TAMS 0x0000000085f00000, 0x0000000085f00000| Untracked 
|  70|0x0000000086000000, 0x0000000086000000, 0x0000000086100000|  0%| F|  |TAMS 0x0000000086000000, 0x0000000086000000| Untracked 
|  71|0x0000000086100000, 0x0000000086100000, 0x0000000086200000|  0%| F|  |TAMS 0x0000000086100000, 0x0000000086100000| Untracked 
|  72|0x0000000086200000, 0x0000000086200000, 0x0000000086300000|  0%| F|  |TAMS 0x0000000086200000, 0x0000000086200000| Untracked 
|  73|0x0000000086300000, 0x0000000086300000, 0x0000000086400000|  0%| F|  |TAMS 0x0000000086300000, 0x0000000086300000| Untracked 
|  74|0x0000000086400000, 0x0000000086400000, 0x0000000086500000|  0%| F|  |TAMS 0x0000000086400000, 0x0000000086400000| Untracked 
|  75|0x0000000086500000, 0x0000000086500000, 0x0000000086600000|  0%| F|  |TAMS 0x0000000086500000, 0x0000000086500000| Untracked 
|  76|0x0000000086600000, 0x0000000086600000, 0x0000000086700000|  0%| F|  |TAMS 0x0000000086600000, 0x0000000086600000| Untracked 
|  77|0x0000000086700000, 0x0000000086700000, 0x0000000086800000|  0%| F|  |TAMS 0x0000000086700000, 0x0000000086700000| Untracked 
|  78|0x0000000086800000, 0x0000000086800000, 0x0000000086900000|  0%| F|  |TAMS 0x0000000086800000, 0x0000000086800000| Untracked 
|  79|0x0000000086900000, 0x0000000086900000, 0x0000000086a00000|  0%| F|  |TAMS 0x0000000086900000, 0x0000000086900000| Untracked 
|  80|0x0000000086a00000, 0x0000000086a00000, 0x0000000086b00000|  0%| F|  |TAMS 0x0000000086a00000, 0x0000000086a00000| Untracked 
|  81|0x0000000086b00000, 0x0000000086b00000, 0x0000000086c00000|  0%| F|  |TAMS 0x0000000086b00000, 0x0000000086b00000| Untracked 
|  82|0x0000000086c00000, 0x0000000086c00000, 0x0000000086d00000|  0%| F|  |TAMS 0x0000000086c00000, 0x0000000086c00000| Untracked 
|  83|0x0000000086d00000, 0x0000000086d00000, 0x0000000086e00000|  0%| F|  |TAMS 0x0000000086d00000, 0x0000000086d00000| Untracked 
|  84|0x0000000086e00000, 0x0000000086e00000, 0x0000000086f00000|  0%| F|  |TAMS 0x0000000086e00000, 0x0000000086e00000| Untracked 
|  85|0x0000000086f00000, 0x0000000086f00000, 0x0000000087000000|  0%| F|  |TAMS 0x0000000086f00000, 0x0000000086f00000| Untracked 
|  86|0x0000000087000000, 0x0000000087000000, 0x0000000087100000|  0%| F|  |TAMS 0x0000000087000000, 0x0000000087000000| Untracked 
|  87|0x0000000087100000, 0x0000000087100000, 0x0000000087200000|  0%| F|  |TAMS 0x0000000087100000, 0x0000000087100000| Untracked 
|  88|0x0000000087200000, 0x0000000087200000, 0x0000000087300000|  0%| F|  |TAMS 0x0000000087200000, 0x0000000087200000| Untracked 
|  89|0x0000000087300000, 0x0000000087300000, 0x0000000087400000|  0%| F|  |TAMS 0x0000000087300000, 0x0000000087300000| Untracked 
|  90|0x0000000087400000, 0x0000000087400000, 0x0000000087500000|  0%| F|  |TAMS 0x0000000087400000, 0x0000000087400000| Untracked 
|  91|0x0000000087500000, 0x0000000087500000, 0x0000000087600000|  0%| F|  |TAMS 0x0000000087500000, 0x0000000087500000| Untracked 
|  92|0x0000000087600000, 0x0000000087600000, 0x0000000087700000|  0%| F|  |TAMS 0x0000000087600000, 0x0000000087600000| Untracked 
|  93|0x0000000087700000, 0x0000000087700000, 0x0000000087800000|  0%| F|  |TAMS 0x0000000087700000, 0x0000000087700000| Untracked 
|  94|0x0000000087800000, 0x0000000087800000, 0x0000000087900000|  0%| F|  |TAMS 0x0000000087800000, 0x0000000087800000| Untracked 
|  95|0x0000000087900000, 0x0000000087900000, 0x0000000087a00000|  0%| F|  |TAMS 0x0000000087900000, 0x0000000087900000| Untracked 
|  96|0x0000000087a00000, 0x0000000087a00000, 0x0000000087b00000|  0%| F|  |TAMS 0x0000000087a00000, 0x0000000087a00000| Untracked 
|  97|0x0000000087b00000, 0x0000000087bab7e0, 0x0000000087c00000| 66%| S|CS|TAMS 0x0000000087b00000, 0x0000000087b00000| Complete 
|  98|0x0000000087c00000, 0x0000000087d00000, 0x0000000087d00000|100%| S|CS|TAMS 0x0000000087c00000, 0x0000000087c00000| Complete 
|  99|0x0000000087d00000, 0x0000000087e00000, 0x0000000087e00000|100%| S|CS|TAMS 0x0000000087d00000, 0x0000000087d00000| Complete 
| 100|0x0000000087e00000, 0x0000000087f00000, 0x0000000087f00000|100%| S|CS|TAMS 0x0000000087e00000, 0x0000000087e00000| Complete 
| 101|0x0000000087f00000, 0x0000000088000000, 0x0000000088000000|100%| S|CS|TAMS 0x0000000087f00000, 0x0000000087f00000| Complete 
| 102|0x0000000088000000, 0x0000000088000000, 0x0000000088100000|  0%| F|  |TAMS 0x0000000088000000, 0x0000000088000000| Untracked 
| 103|0x0000000088100000, 0x0000000088100000, 0x0000000088200000|  0%| F|  |TAMS 0x0000000088100000, 0x0000000088100000| Untracked 
| 104|0x0000000088200000, 0x0000000088200000, 0x0000000088300000|  0%| F|  |TAMS 0x0000000088200000, 0x0000000088200000| Untracked 
| 105|0x0000000088300000, 0x0000000088300000, 0x0000000088400000|  0%| F|  |TAMS 0x0000000088300000, 0x0000000088300000| Untracked 
| 106|0x0000000088400000, 0x0000000088400000, 0x0000000088500000|  0%| F|  |TAMS 0x0000000088400000, 0x0000000088400000| Untracked 
| 107|0x0000000088500000, 0x0000000088500000, 0x0000000088600000|  0%| F|  |TAMS 0x0000000088500000, 0x0000000088500000| Untracked 
| 108|0x0000000088600000, 0x0000000088600000, 0x0000000088700000|  0%| F|  |TAMS 0x0000000088600000, 0x0000000088600000| Untracked 
| 109|0x0000000088700000, 0x0000000088700000, 0x0000000088800000|  0%| F|  |TAMS 0x0000000088700000, 0x0000000088700000| Untracked 
| 110|0x0000000088800000, 0x0000000088800000, 0x0000000088900000|  0%| F|  |TAMS 0x0000000088800000, 0x0000000088800000| Untracked 
| 111|0x0000000088900000, 0x0000000088900000, 0x0000000088a00000|  0%| F|  |TAMS 0x0000000088900000, 0x0000000088900000| Untracked 
| 112|0x0000000088a00000, 0x0000000088a00000, 0x0000000088b00000|  0%| F|  |TAMS 0x0000000088a00000, 0x0000000088a00000| Untracked 
| 113|0x0000000088b00000, 0x0000000088b00000, 0x0000000088c00000|  0%| F|  |TAMS 0x0000000088b00000, 0x0000000088b00000| Untracked 
| 114|0x0000000088c00000, 0x0000000088c00000, 0x0000000088d00000|  0%| F|  |TAMS 0x0000000088c00000, 0x0000000088c00000| Untracked 
| 115|0x0000000088d00000, 0x0000000088d00000, 0x0000000088e00000|  0%| F|  |TAMS 0x0000000088d00000, 0x0000000088d00000| Untracked 
| 116|0x0000000088e00000, 0x0000000088e00000, 0x0000000088f00000|  0%| F|  |TAMS 0x0000000088e00000, 0x0000000088e00000| Untracked 
| 117|0x0000000088f00000, 0x0000000088f00000, 0x0000000089000000|  0%| F|  |TAMS 0x0000000088f00000, 0x0000000088f00000| Untracked 
| 118|0x0000000089000000, 0x0000000089000000, 0x0000000089100000|  0%| F|  |TAMS 0x0000000089000000, 0x0000000089000000| Untracked 
| 119|0x0000000089100000, 0x0000000089100000, 0x0000000089200000|  0%| F|  |TAMS 0x0000000089100000, 0x0000000089100000| Untracked 
| 120|0x0000000089200000, 0x0000000089200000, 0x0000000089300000|  0%| F|  |TAMS 0x0000000089200000, 0x0000000089200000| Untracked 
| 121|0x0000000089300000, 0x0000000089300000, 0x0000000089400000|  0%| F|  |TAMS 0x0000000089300000, 0x0000000089300000| Untracked 
| 122|0x0000000089400000, 0x0000000089400000, 0x0000000089500000|  0%| F|  |TAMS 0x0000000089400000, 0x0000000089400000| Untracked 
| 123|0x0000000089500000, 0x0000000089500000, 0x0000000089600000|  0%| F|  |TAMS 0x0000000089500000, 0x0000000089500000| Untracked 
| 124|0x0000000089600000, 0x0000000089600000, 0x0000000089700000|  0%| F|  |TAMS 0x0000000089600000, 0x0000000089600000| Untracked 
| 125|0x0000000089700000, 0x0000000089700000, 0x0000000089800000|  0%| F|  |TAMS 0x0000000089700000, 0x0000000089700000| Untracked 
| 126|0x0000000089800000, 0x0000000089880800, 0x0000000089900000| 50%| E|  |TAMS 0x0000000089800000, 0x0000000089800000| Complete 
| 127|0x0000000089900000, 0x0000000089a00000, 0x0000000089a00000|100%| E|CS|TAMS 0x0000000089900000, 0x0000000089900000| Complete 

Card table byte_map: [0x000001e1fee30000,0x000001e1ff230000] _byte_map_base: 0x000001e1fea23000

Marking Bits (Prev, Next): (CMBitMap*) 0x000001e1e83fda20, (CMBitMap*) 0x000001e1e83fd9e8
 Prev Bits: [0x000001e181fa0000, 0x000001e183f38000)
 Next Bits: [0x000001e180000000, 0x000001e181f98000)

Polling page: 0x000001e1e6360000

Metaspace:

Usage:
  Non-class:     18.95 MB capacity,    18.58 MB ( 98%) used,   324.09 KB (  2%) free+waste,    55.69 KB ( <1%) overhead. 
      Class:      2.49 MB capacity,     2.29 MB ( 92%) used,   173.51 KB (  7%) free+waste,    28.19 KB (  1%) overhead. 
       Both:     21.44 MB capacity,    20.87 MB ( 97%) used,   497.59 KB (  2%) free+waste,    83.88 KB ( <1%) overhead. 

Virtual space:
  Non-class space:       24.00 MB reserved,      19.00 MB ( 79%) committed 
      Class space:        1.00 GB reserved,       2.50 MB ( <1%) committed 
             Both:        1.02 GB reserved,      21.50 MB (  2%) committed 

Chunk freelists:
   Non-Class:  6.88 KB
       Class:  1.13 KB
        Both:  8.00 KB

CodeHeap 'non-profiled nmethods': size=120064Kb used=504Kb max_used=504Kb free=119559Kb
 bounds [0x000001e1f74f0000, 0x000001e1f7760000, 0x000001e1fea30000]
CodeHeap 'profiled nmethods': size=120000Kb used=3223Kb max_used=3223Kb free=116777Kb
 bounds [0x000001e1effc0000, 0x000001e1f02f0000, 0x000001e1f74f0000]
CodeHeap 'non-nmethods': size=5696Kb used=1148Kb max_used=1154Kb free=4547Kb
 bounds [0x000001e1efa30000, 0x000001e1efca0000, 0x000001e1effc0000]
 total_blobs=2187 nmethods=1698 adapters=401
 compilation: enabled
              stopped_count=0, restarted_count=0
 full_count=0

Compilation events (10 events):
Event: 6.342 Thread 0x000001e1867d7800 nmethod 1651 0x000001e1f02c9390 code [0x000001e1f02c9520, 0x000001e1f02c9698]
Event: 6.342 Thread 0x000001e1867d7800 1652       1       java.util.concurrent.CopyOnWriteArrayList::getArray (5 bytes)
Event: 6.342 Thread 0x000001e1867d7800 nmethod 1652 0x000001e1f756cd90 code [0x000001e1f756cf20, 0x000001e1f756cfd8]
Event: 6.344 Thread 0x000001e1ffb44000 1653       4       java.io.DataInputStream::readUTF (501 bytes)
Event: 6.344 Thread 0x000001e1867d7800 1654       3       java.io.DataInputStream::readFully (9 bytes)
Event: 6.344 Thread 0x000001e1867d7800 nmethod 1654 0x000001e1f02c9710 code [0x000001e1f02c98c0, 0x000001e1f02c9a08]
Event: 6.345 Thread 0x000001e1867d7800 1655   !   3       java.util.concurrent.ConcurrentHashMap::putVal (432 bytes)
Event: 6.347 Thread 0x000001e1867d7800 nmethod 1655 0x000001e1f02c9b10 code [0x000001e1f02c9e80, 0x000001e1f02cbfb8]
Event: 6.350 Thread 0x000001e1867d7800 1657       3       java.util.concurrent.ConcurrentHashMap$KeyIterator::next (34 bytes)
Event: 6.350 Thread 0x000001e1867d7800 nmethod 1657 0x000001e1f02cca90 code [0x000001e1f02ccc60, 0x000001e1f02ccef8]

GC Heap History (4 events):
Event: 1.284 GC heap before
{Heap before GC invocations=0 (full 0):
 garbage-first heap   total 131072K, used 15360K [0x0000000081a00000, 0x0000000100000000)
  region size 1024K, 14 young (14336K), 0 survivors (0K)
 Metaspace       used 13472K, capacity 13739K, committed 13824K, reserved 1060864K
  class space    used 1361K, capacity 1454K, committed 1536K, reserved 1048576K
}
Event: 1.288 GC heap after
{Heap after GC invocations=1 (full 0):
 garbage-first heap   total 131072K, used 3287K [0x0000000081a00000, 0x0000000100000000)
  region size 1024K, 2 young (2048K), 2 survivors (2048K)
 Metaspace       used 13472K, capacity 13739K, committed 13824K, reserved 1060864K
  class space    used 1361K, capacity 1454K, committed 1536K, reserved 1048576K
}
Event: 6.319 GC heap before
{Heap before GC invocations=1 (full 0):
 garbage-first heap   total 131072K, used 26839K [0x0000000081a00000, 0x0000000100000000)
  region size 1024K, 26 young (26624K), 2 survivors (2048K)
 Metaspace       used 20601K, capacity 21106K, committed 21248K, reserved 1069056K
  class space    used 2268K, capacity 2460K, committed 2560K, reserved 1048576K
}
Event: 6.329 GC heap after
{Heap after GC invocations=2 (full 0):
 garbage-first heap   total 131072K, used 6021K [0x0000000081a00000, 0x0000000100000000)
  region size 1024K, 5 young (5120K), 5 survivors (5120K)
 Metaspace       used 20601K, capacity 21106K, committed 21248K, reserved 1069056K
  class space    used 2268K, capacity 2460K, committed 2560K, reserved 1048576K
}

Deoptimization events (10 events):
Event: 1.633 Thread 0x000001e1e83bd000 Uncommon trap: reason=unstable_if action=reinterpret pc=0x000001e1f7536dc8 method=java.lang.CharacterDataLatin1.digit(II)I @ 12 c2
Event: 2.193 Thread 0x000001e1e83bd000 Uncommon trap: reason=unstable_if action=reinterpret pc=0x000001e1f7558528 method=jdk.internal.org.objectweb.asm.Type.getArgumentsAndReturnSizes(Ljava/lang/String;)I @ 41 c2
Event: 2.302 Thread 0x000001e1e83bd000 Uncommon trap: reason=class_check action=maybe_recompile pc=0x000001e1f7551390 method=java.util.concurrent.ConcurrentHashMap.putVal(Ljava/lang/Object;Ljava/lang/Object;Z)Ljava/lang/Object; @ 242 c2
Event: 2.309 Thread 0x000001e1e83bd000 Uncommon trap: reason=unstable_if action=reinterpret pc=0x000001e1f7556ab8 method=java.util.regex.Pattern$BmpCharProperty.match(Ljava/util/regex/Matcher;ILjava/lang/CharSequence;)Z @ 5 c2
Event: 2.398 Thread 0x000001e1e83bd000 Uncommon trap: reason=unstable_if action=reinterpret pc=0x000001e1f7534d44 method=java.lang.CharacterDataLatin1.digit(II)I @ 12 c2
Event: 6.294 Thread 0x000001e1e83bd000 Uncommon trap: reason=class_check action=maybe_recompile pc=0x000001e1f7563b18 method=org.openqa.selenium.json.Input.init()V @ 18 c2
Event: 6.294 Thread 0x000001e1e83bd000 Uncommon trap: reason=class_check action=maybe_recompile pc=0x000001e1f7563b18 method=org.openqa.selenium.json.Input.init()V @ 18 c2
Event: 6.294 Thread 0x000001e1e83bd000 Uncommon trap: reason=class_check action=maybe_recompile pc=0x000001e1f7563b18 method=org.openqa.selenium.json.Input.init()V @ 18 c2
Event: 6.294 Thread 0x000001e1e83bd000 Uncommon trap: reason=class_check action=maybe_recompile pc=0x000001e1f7563b18 method=org.openqa.selenium.json.Input.init()V @ 18 c2
Event: 6.342 Thread 0x000001e1e83bd000 Uncommon trap: reason=unstable_if action=reinterpret pc=0x000001e1f75514ac method=java.util.concurrent.ConcurrentHashMap.putVal(Ljava/lang/Object;Ljava/lang/Object;Z)Ljava/lang/Object; @ 256 c2

Classes redefined (0 events):
No events

Internal exceptions (10 events):
Event: 2.168 Thread 0x000001e1e83bd000 Exception <a 'java/lang/NoSuchMethodError'{0x0000000088c6d548}: java.lang.invoke.DirectMethodHandle$Holder.invokeInterface(Ljava/lang/Object;Ljava/lang/Object;Ljava/lang/Object;)Ljava/lang/Object;> (0x0000000088c6d548) thrown at [./open/src/hotspot/share/
Event: 2.169 Thread 0x000001e1e83bd000 Exception <a 'java/lang/IncompatibleClassChangeError'{0x0000000088c70910}: Found class java.lang.Object, but interface was expected> (0x0000000088c70910) thrown at [./open/src/hotspot/share/interpreter/linkResolver.cpp, line 838]
Event: 2.177 Thread 0x000001e1e83bd000 Exception <a 'java/lang/NoSuchMethodError'{0x0000000088c79220}: java.lang.invoke.DirectMethodHandle$Holder.invokeSpecialIFC(Ljava/lang/Object;Ljava/lang/Object;Ljava/lang/Object;Ljava/lang/Object;)I> (0x0000000088c79220) thrown at [./open/src/hotspot/shar
Event: 2.193 Thread 0x000001e1e83bd000 Exception <a 'java/lang/NoSuchMethodError'{0x0000000088cd7518}: java.lang.invoke.DirectMethodHandle$Holder.invokeVirtual(Ljava/lang/Object;Ljava/lang/Object;)D> (0x0000000088cd7518) thrown at [./open/src/hotspot/share/interpreter/linkResolver.cpp, line 77
Event: 2.195 Thread 0x000001e1e83bd000 Exception <a 'java/lang/NoSuchMethodError'{0x0000000088cdd2a8}: java.lang.invoke.DirectMethodHandle$Holder.invokeVirtual(Ljava/lang/Object;Ljava/lang/Object;)F> (0x0000000088cdd2a8) thrown at [./open/src/hotspot/share/interpreter/linkResolver.cpp, line 77
Event: 2.196 Thread 0x000001e1e83bd000 Exception <a 'java/lang/NoSuchMethodError'{0x0000000088ce5778}: java.lang.invoke.DirectMethodHandle$Holder.invokeVirtual(Ljava/lang/Object;Ljava/lang/Object;)J> (0x0000000088ce5778) thrown at [./open/src/hotspot/share/interpreter/linkResolver.cpp, line 77
Event: 2.202 Thread 0x000001e1e83bd000 Exception <a 'java/lang/NoSuchMethodError'{0x000000008890f0e0}: java.lang.invoke.DirectMethodHandle$Holder.invokeVirtual(Ljava/lang/Object;Ljava/lang/Object;Ljava/lang/Object;)Ljava/lang/Object;> (0x000000008890f0e0) thrown at [./open/src/hotspot/share/in
Event: 2.303 Thread 0x000001e1e83bd000 Exception <a 'java/lang/NoSuchMethodError'{0x000000008866d730}: java.lang.invoke.DirectMethodHandle$Holder.invokeStatic(Ljava/lang/Object;Ljava/lang/Object;Ljava/lang/Object;Ljava/lang/Object;Ljava/lang/Object;)V> (0x000000008866d730) thrown at [./open/sr
Event: 2.379 Thread 0x000001e1e83bd000 Exception <a 'java/lang/NoSuchMethodError'{0x0000000088261d78}: java.lang.invoke.DirectMethodHandle$Holder.invokeStatic(Ljava/lang/Object;Ljava/lang/Object;Ljava/lang/Object;Ljava/lang/Object;)V> (0x0000000088261d78) thrown at [./open/src/hotspot/share/in
Event: 6.311 Thread 0x000001e1e83bd000 Exception <a 'java/lang/NoSuchMethodError'{0x0000000088059248}: java.lang.invoke.DirectMethodHandle$Holder.invokeSpecialIFC(Ljava/lang/Object;Ljava/lang/Object;Ljava/lang/Object;)Ljava/lang/Object;> (0x0000000088059248) thrown at [./open/src/hotspot/share

Events (10 events):
Event: 6.342 loading class java/time/ZoneRegion done
Event: 6.342 loading class java/time/zone/ZoneRulesProvider
Event: 6.343 loading class java/time/zone/ZoneRulesProvider done
Event: 6.343 loading class java/time/zone/ZoneRulesProvider$1
Event: 6.343 loading class java/time/zone/ZoneRulesProvider$1 done
Event: 6.343 loading class java/time/zone/TzdbZoneRulesProvider
Event: 6.343 loading class java/time/zone/TzdbZoneRulesProvider done
Event: 6.351 loading class java/time/zone/Ser
Event: 6.351 loading class java/io/Externalizable
Event: 6.351 loading class java/io/Externalizable done


Dynamic libraries:
0x00007ff77f520000 - 0x00007ff77f52f000 	C:\Program Files\Java\jdk-11.0.14\bin\javaw.exe
0x00007ffac7010000 - 0x00007ffac71fd000 	C:\Windows\SYSTEM32\ntdll.dll
0x00007ffac60f0000 - 0x00007ffac61a3000 	C:\Windows\System32\KERNEL32.DLL
0x00007ffac3190000 - 0x00007ffac3423000 	C:\Windows\System32\KERNELBASE.dll
0x00007ffac3740000 - 0x00007ffac383c000 	C:\Windows\System32\ucrtbase.dll
0x00007ffab5730000 - 0x00007ffab5748000 	C:\Program Files\Java\jdk-11.0.14\bin\jli.dll
0x00007ffab5450000 - 0x00007ffab5465000 	C:\Program Files\Java\jdk-11.0.14\bin\VCRUNTIME140.dll
0x00007ffac5ad0000 - 0x00007ffac5b73000 	C:\Windows\System32\ADVAPI32.dll
0x00007ffac6dc0000 - 0x00007ffac6e5e000 	C:\Windows\System32\msvcrt.dll
0x00007ffac62a0000 - 0x00007ffac633e000 	C:\Windows\System32\sechost.dll
0x00007ffac59a0000 - 0x00007ffac5ac2000 	C:\Windows\System32\RPCRT4.dll
0x00007ffac6b90000 - 0x00007ffac6d27000 	C:\Windows\System32\USER32.dll
0x00007ffab45e0000 - 0x00007ffab4859000 	C:\Windows\WinSxS\amd64_microsoft.windows.common-controls_6595b64144ccf1df_6.0.17763.194_none_05b3366207211c42\COMCTL32.dll
0x00007ffac5d00000 - 0x00007ffac602d000 	C:\Windows\System32\combase.dll
0x00007ffac4160000 - 0x00007ffac41de000 	C:\Windows\System32\bcryptPrimitives.dll
0x00007ffac61e0000 - 0x00007ffac6209000 	C:\Windows\System32\GDI32.dll
0x00007ffac3fc0000 - 0x00007ffac415a000 	C:\Windows\System32\gdi32full.dll
0x00007ffac3630000 - 0x00007ffac36d0000 	C:\Windows\System32\msvcp_win.dll
0x00007ffac3430000 - 0x00007ffac3450000 	C:\Windows\System32\win32u.dll
0x00007ffab8880000 - 0x00007ffab888a000 	C:\Windows\SYSTEM32\VERSION.dll
0x00007ffac61b0000 - 0x00007ffac61de000 	C:\Windows\System32\IMM32.DLL
0x00007ffa8cd80000 - 0x00007ffa8ce1b000 	C:\Program Files\Java\jdk-11.0.14\bin\msvcp140.dll
0x00007ffa5c600000 - 0x00007ffa5d116000 	C:\Program Files\Java\jdk-11.0.14\bin\server\jvm.dll
0x00007ffac6db0000 - 0x00007ffac6db8000 	C:\Windows\System32\PSAPI.DLL
0x00007ffac1bf0000 - 0x00007ffac1bf9000 	C:\Windows\SYSTEM32\WSOCK32.dll
0x00007ffac0d80000 - 0x00007ffac0da4000 	C:\Windows\SYSTEM32\WINMM.dll
0x00007ffac6210000 - 0x00007ffac627d000 	C:\Windows\System32\WS2_32.dll
0x00007ffac0d50000 - 0x00007ffac0d7d000 	C:\Windows\SYSTEM32\WINMMBASE.dll
0x00007ffac36f0000 - 0x00007ffac373a000 	C:\Windows\System32\cfgmgr32.dll
0x00007ffac3070000 - 0x00007ffac3081000 	C:\Windows\System32\kernel.appcore.dll
0x00007ffabf470000 - 0x00007ffabf480000 	C:\Program Files\Java\jdk-11.0.14\bin\verify.dll
0x00007ffac18a0000 - 0x00007ffac1a8d000 	C:\Windows\SYSTEM32\DBGHELP.DLL
0x00007ffab2a50000 - 0x00007ffab2a7a000 	C:\Windows\SYSTEM32\dbgcore.DLL
0x00007ffab3700000 - 0x00007ffab3728000 	C:\Program Files\Java\jdk-11.0.14\bin\java.dll
0x00007ffabd6e0000 - 0x00007ffabd6ea000 	C:\Program Files\Java\jdk-11.0.14\bin\jimage.dll
0x00007ffab4ce0000 - 0x00007ffab4cf6000 	C:\Program Files\Java\jdk-11.0.14\bin\zip.dll
0x00007ffac4240000 - 0x00007ffac572f000 	C:\Windows\System32\SHELL32.dll
0x00007ffac6e60000 - 0x00007ffac6f08000 	C:\Windows\System32\shcore.dll
0x00007ffac3870000 - 0x00007ffac3fba000 	C:\Windows\System32\windows.storage.dll
0x00007ffac30b0000 - 0x00007ffac30d4000 	C:\Windows\System32\profapi.dll
0x00007ffac3010000 - 0x00007ffac306d000 	C:\Windows\System32\powrprof.dll
0x00007ffac6090000 - 0x00007ffac60e2000 	C:\Windows\System32\shlwapi.dll
0x00007ffac36d0000 - 0x00007ffac36e7000 	C:\Windows\System32\cryptsp.dll
0x00007ffab36e0000 - 0x00007ffab36f9000 	C:\Program Files\Java\jdk-11.0.14\bin\net.dll
0x00007ffab73c0000 - 0x00007ffab74b1000 	C:\Windows\SYSTEM32\WINHTTP.dll
0x00007ffac2840000 - 0x00007ffac28a7000 	C:\Windows\system32\mswsock.dll
0x00007ffab36c0000 - 0x00007ffab36d2000 	C:\Program Files\Java\jdk-11.0.14\bin\nio.dll
0x00007ffac25e0000 - 0x00007ffac26a6000 	C:\Windows\SYSTEM32\DNSAPI.dll
0x00007ffac5cf0000 - 0x00007ffac5cf8000 	C:\Windows\System32\NSI.dll
0x00007ffac25a0000 - 0x00007ffac25dd000 	C:\Windows\SYSTEM32\IPHLPAPI.DLL
0x00007ffab6ea0000 - 0x00007ffab6eaa000 	C:\Windows\System32\rasadhlp.dll
0x00007ffab7210000 - 0x00007ffab7289000 	C:\Windows\System32\fwpuclnt.dll
0x00007ffac3840000 - 0x00007ffac3866000 	C:\Windows\System32\bcrypt.dll
0x00007ffac2400000 - 0x00007ffac2433000 	C:\Windows\system32\rsaenh.dll
0x00007ffac2f40000 - 0x00007ffac2f68000 	C:\Windows\SYSTEM32\USERENV.dll
0x00007ffac2a10000 - 0x00007ffac2a1c000 	C:\Windows\SYSTEM32\CRYPTBASE.dll
0x00007ffab8120000 - 0x00007ffab8136000 	C:\Windows\SYSTEM32\dhcpcsvc6.DLL
0x00007ffab8100000 - 0x00007ffab811c000 	C:\Windows\SYSTEM32\dhcpcsvc.DLL
0x00007ffabd150000 - 0x00007ffabd15d000 	C:\Program Files\Java\jdk-11.0.14\bin\sunmscapi.dll
0x00007ffac3450000 - 0x00007ffac362b000 	C:\Windows\System32\CRYPT32.dll
0x00007ffac3090000 - 0x00007ffac30a2000 	C:\Windows\System32\MSASN1.dll
0x00007ffac2b00000 - 0x00007ffac2b26000 	C:\Windows\SYSTEM32\ncrypt.dll
0x00007ffac2ac0000 - 0x00007ffac2afc000 	C:\Windows\SYSTEM32\NTASN1.dll
0x00007ffab2ad0000 - 0x00007ffab2af5000 	C:\Program Files\Java\jdk-11.0.14\bin\sunec.dll

dbghelp: loaded successfully - version: 4.0.5 - missing functions: none
symbol engine: initialized successfully - sym options: 0x614 - pdb path: .;C:\Program Files\Java\jdk-11.0.14\bin;C:\Windows\SYSTEM32;C:\Windows\WinSxS\amd64_microsoft.windows.common-controls_6595b64144ccf1df_6.0.17763.194_none_05b3366207211c42;C:\Program Files\Java\jdk-11.0.14\bin\server

VM Arguments:
jvm_args: -ea -Dfile.encoding=Cp1252 
java_command: org.testng.remote.RemoteTestNG -serport 57752 -protocol json -d D:\Automation\01-Software\WebDriver\selenium-webdriver-java-testng\test-output C:\Users\Admin\AppData\Local\Temp\testng-eclipse-857730354\testng-customsuite.xml
java_class_path (initial): D:\Automation\01-Software\eclipse\configuration\org.eclipse.osgi\429\0\.cp\lib\testng-remote.jar;D:\Automation\01-Software\WebDriver\selenium-webdriver-java-testng\bin;D:\Automation\01-Software\WebDriver\selenium-webdriver-java-testng\libraries\selenium-server-standalone-3.141.59.jar;D:\Automation\01-Software\WebDriver\selenium-webdriver-java-testng\libraries\testng-6.14.3.jar;D:\Automation\01-Software\WebDriver\selenium-webdriver-java-testng\libraries\client-combined-3.141.59-sources.jar;D:\Automation\01-Software\WebDriver\selenium-webdriver-java-testng\libraries\testng-6.14.3-sources.jar
Launcher Type: SUN_STANDARD

[Global flags]
     intx CICompilerCount                          = 3                                         {product} {ergonomic}
     uint ConcGCThreads                            = 1                                         {product} {ergonomic}
     uint G1ConcRefinementThreads                  = 4                                         {product} {ergonomic}
   size_t G1HeapRegionSize                         = 1048576                                   {product} {ergonomic}
    uintx GCDrainStackTargetSize                   = 64                                        {product} {ergonomic}
   size_t InitialHeapSize                          = 134217728                                 {product} {ergonomic}
   size_t MarkStackSize                            = 4194304                                   {product} {ergonomic}
   size_t MaxHeapSize                              = 2120220672                                {product} {ergonomic}
   size_t MaxNewSize                               = 1271922688                                {product} {ergonomic}
   size_t MinHeapDeltaBytes                        = 1048576                                   {product} {ergonomic}
    uintx NonNMethodCodeHeapSize                   = 5830732                                {pd product} {ergonomic}
    uintx NonProfiledCodeHeapSize                  = 122913754                              {pd product} {ergonomic}
    uintx ProfiledCodeHeapSize                     = 122913754                              {pd product} {ergonomic}
    uintx ReservedCodeCacheSize                    = 251658240                              {pd product} {ergonomic}
     bool SegmentedCodeCache                       = true                                      {product} {ergonomic}
     bool UseCompressedClassPointers               = true                                 {lp64_product} {ergonomic}
     bool UseCompressedOops                        = true                                 {lp64_product} {ergonomic}
     bool UseG1GC                                  = true                                      {product} {ergonomic}
     bool UseLargePagesIndividualAllocation        = false                                  {pd product} {ergonomic}

Logging:
Log output configuration:
 #0: stdout all=warning uptime,level,tags
 #1: stderr all=off uptime,level,tags

Environment Variables:
PATH=D:/Automation/01-Software/eclipse//plugins/org.eclipse.justj.openjdk.hotspot.jre.full.win32.x86_64_17.0.1.v20211116-1657/jre/bin/server;D:/Automation/01-Software/eclipse//plugins/org.eclipse.justj.openjdk.hotspot.jre.full.win32.x86_64_17.0.1.v20211116-1657/jre/bin;C:\Program Files\Common Files\Oracle\Java\javapath;C:\Windows\system32;C:\Windows;C:\Windows\System32\Wbem;C:\Windows\System32\WindowsPowerShell\v1.0\;C:\Windows\System32\OpenSSH\;C:\Program Files\Azure Data Studio\bin;C:\Program Files\Git\cmd;C:\Program Files\Microsoft SQL Server\Client SDK\ODBC\170\Tools\Binn\;C:\Program Files (x86)\Microsoft SQL Server\150\Tools\Binn\;C:\Program Files\Microsoft SQL Server\150\Tools\Binn\;C:\Program Files\Microsoft SQL Server\150\DTS\Binn\;C:\Program Files (x86)\Microsoft SQL Server\150\DTS\Binn\;C:\Users\Admin\AppData\Local\Microsoft\WindowsApps;;C:\Program Files\Azure Data Studio\bin;C:\Program Files (x86)\BrowserStackLocal\;C:\Users\Admin\AppData\Local\Programs\Microsoft VS Code\bin;D:\Automation\01-Software\eclipse;
USERNAME=Admin
OS=Windows_NT
PROCESSOR_IDENTIFIER=Intel64 Family 6 Model 78 Stepping 3, GenuineIntel



---------------  S Y S T E M  ---------------

OS: Windows 10 , 64 bit Build 17763 (10.0.17763.1)

CPU:total 4 (initial active 4) (2 cores per cpu, 2 threads per core) family 6 model 78 stepping 3 microcode 0xc6, cmov, cx8, fxsr, mmx, sse, sse2, sse3, ssse3, sse4.1, sse4.2, popcnt, avx, avx2, aes, clmul, erms, 3dnowpref, lzcnt, ht, tsc, tscinvbit, bmi1, bmi2, adx, fma

Memory: 4k page, system-wide physical 8087M (865M free)
TotalPageFile size 20754M (AvailPageFile size 3M)
current process WorkingSet (physical memory assigned to process): 93M, peak: 93M
current process commit charge ("private bytes"): 223M, peak: 224M

vm_info: Java HotSpot(TM) 64-Bit Server VM (11.0.14+8-LTS-263) for windows-amd64 JRE (11.0.14+8-LTS-263), built on Dec  7 2021 21:53:57 by "mach5one" with MS VC++ 15.9 (VS2017)

END.
